0 info it worked if it ends with ok
1 verbose cli [ '/usr/local/bin/node', '/usr/local/bin/npm', 'install' ]
2 info using npm@3.7.0
3 info using node@v5.1.0
4 silly loadCurrentTree Starting
5 silly install loadCurrentTree
6 silly install readLocalPackageData
7 silly install normalizeTree
8 silly loadCurrentTree Finishing
9 silly loadIdealTree Starting
10 silly install loadIdealTree
11 silly cloneCurrentTree Starting
12 silly install cloneCurrentTreeToIdealTree
13 silly cloneCurrentTree Finishing
14 silly loadShrinkwrap Starting
15 silly install loadShrinkwrap
16 silly loadShrinkwrap Finishing
17 silly loadAllDepsIntoIdealTree Starting
18 silly install loadAllDepsIntoIdealTree
19 silly fetchNamedPackageData zone.js
20 silly mapToRegistry name zone.js
21 silly mapToRegistry using default registry
22 silly mapToRegistry registry https://registry.npmjs.org/
23 silly mapToRegistry uri https://registry.npmjs.org/zone.js
24 verbose request uri https://registry.npmjs.org/zone.js
25 verbose request no auth needed
26 info attempt registry request try #1 at 11:52:43 AM
27 verbose request id ad44dda029be8c19
28 verbose etag "1EB8YKG54ISBOE4J8OZ13T49Q"
29 http request GET https://registry.npmjs.org/zone.js
30 http 304 https://registry.npmjs.org/zone.js
31 verbose headers { date: 'Thu, 11 Feb 2016 16:52:42 GMT',
31 verbose headers   via: '1.1 varnish',
31 verbose headers   'cache-control': 'max-age=300',
31 verbose headers   etag: '"1EB8YKG54ISBOE4J8OZ13T49Q"',
31 verbose headers   age: '0',
31 verbose headers   connection: 'keep-alive',
31 verbose headers   'x-served-by': 'cache-jfk1050-JFK',
31 verbose headers   'x-cache': 'HIT',
31 verbose headers   'x-cache-hits': '1',
31 verbose headers   'x-timer': 'S1455209562.625526,VS0,VE83',
31 verbose headers   vary: 'Accept' }
32 silly get cb [ 304,
32 silly get   { date: 'Thu, 11 Feb 2016 16:52:42 GMT',
32 silly get     via: '1.1 varnish',
32 silly get     'cache-control': 'max-age=300',
32 silly get     etag: '"1EB8YKG54ISBOE4J8OZ13T49Q"',
32 silly get     age: '0',
32 silly get     connection: 'keep-alive',
32 silly get     'x-served-by': 'cache-jfk1050-JFK',
32 silly get     'x-cache': 'HIT',
32 silly get     'x-cache-hits': '1',
32 silly get     'x-timer': 'S1455209562.625526,VS0,VE83',
32 silly get     vary: 'Accept' } ]
33 verbose etag https://registry.npmjs.org/zone.js from cache
34 verbose get saving zone.js to /Users/joonikfe0/.npm/registry.npmjs.org/zone.js/.cache.json
35 verbose correctMkdir /Users/joonikfe0/.npm correctMkdir not in flight; initializing
36 silly resolveWithNewModule zone.js@0.5.11 checking installable status
37 silly cache add args [ 'zone.js@0.5.11', null ]
38 verbose cache add spec zone.js@0.5.11
39 silly cache add parsed spec Result {
39 silly cache add   raw: 'zone.js@0.5.11',
39 silly cache add   scope: null,
39 silly cache add   name: 'zone.js',
39 silly cache add   rawSpec: '0.5.11',
39 silly cache add   spec: '0.5.11',
39 silly cache add   type: 'version' }
40 silly addNamed zone.js@0.5.11
41 verbose addNamed "0.5.11" is a plain semver version for zone.js
42 silly mapToRegistry name zone.js
43 silly mapToRegistry using default registry
44 silly mapToRegistry registry https://registry.npmjs.org/
45 silly mapToRegistry uri https://registry.npmjs.org/zone.js
46 verbose addNameVersion registry:https://registry.npmjs.org/zone.js not in flight; fetching
47 verbose get https://registry.npmjs.org/zone.js not expired, no request
48 silly cache afterAdd zone.js@0.5.11
49 verbose afterAdd /Users/joonikfe0/.npm/zone.js/0.5.11/package/package.json not in flight; writing
50 verbose correctMkdir /Users/joonikfe0/.npm correctMkdir not in flight; initializing
51 verbose afterAdd /Users/joonikfe0/.npm/zone.js/0.5.11/package/package.json written
52 silly loadAllDepsIntoIdealTree Finishing
53 silly idealTree:prePrune angular2-quickstart@1.0.0
53 silly idealTree:prePrune ├── abbrev@1.0.7
53 silly idealTree:prePrune ├── accepts@1.2.13
53 silly idealTree:prePrune ├── after@0.8.1
53 silly idealTree:prePrune ├── angular2@2.0.0-beta.3
53 silly idealTree:prePrune ├── ansi-regex@0.2.1
53 silly idealTree:prePrune ├── ansi-styles@1.1.0
53 silly idealTree:prePrune ├── anymatch@1.3.0
53 silly idealTree:prePrune ├── arr-diff@2.0.0
53 silly idealTree:prePrune ├── arr-flatten@1.0.1
53 silly idealTree:prePrune ├── array-unique@0.2.1
53 silly idealTree:prePrune ├── arraybuffer.slice@0.0.6
53 silly idealTree:prePrune ├── arrify@1.0.1
53 silly idealTree:prePrune ├── asn1@0.1.11
53 silly idealTree:prePrune ├── assert-plus@0.1.5
53 silly idealTree:prePrune ├── async-each-series@0.1.1
53 silly idealTree:prePrune ├── async-each@0.1.6
53 silly idealTree:prePrune ├── async@1.5.2
53 silly idealTree:prePrune ├── aws-sign2@0.6.0
53 silly idealTree:prePrune ├── backo2@1.0.2
53 silly idealTree:prePrune ├── balanced-match@0.3.0
53 silly idealTree:prePrune ├── base64-arraybuffer@0.1.2
53 silly idealTree:prePrune ├── base64id@0.1.0
53 silly idealTree:prePrune ├── batch@0.5.3
53 silly idealTree:prePrune ├── benchmark@1.0.0
53 silly idealTree:prePrune ├── better-assert@1.0.2
53 silly idealTree:prePrune ├── binary-extensions@1.4.0
53 silly idealTree:prePrune ├── bindings@1.2.1
53 silly idealTree:prePrune ├── bl@1.0.2
53 silly idealTree:prePrune ├── blob@0.0.4
53 silly idealTree:prePrune ├── bluebird@2.9.6
53 silly idealTree:prePrune ├── boom@2.10.1
53 silly idealTree:prePrune ├── brace-expansion@1.1.2
53 silly idealTree:prePrune ├── braces@1.8.3
53 silly idealTree:prePrune ├── browser-sync-client@2.4.1
53 silly idealTree:prePrune ├── browser-sync-ui@0.5.18
53 silly idealTree:prePrune ├─┬ browser-sync@2.11.1
53 silly idealTree:prePrune │ └── lodash@3.10.1
53 silly idealTree:prePrune ├── bs-recipes@1.0.5
53 silly idealTree:prePrune ├── bufferutil@1.2.1
53 silly idealTree:prePrune ├── callsite@1.0.0
53 silly idealTree:prePrune ├── camelcase-keys@1.0.0
53 silly idealTree:prePrune ├── camelcase@1.2.1
53 silly idealTree:prePrune ├── caseless@0.11.0
53 silly idealTree:prePrune ├── chalk@0.5.1
53 silly idealTree:prePrune ├── chokidar@1.4.1
53 silly idealTree:prePrune ├─┬ cliui@3.1.0
53 silly idealTree:prePrune │ ├── ansi-regex@2.0.0
53 silly idealTree:prePrune │ └── strip-ansi@3.0.0
53 silly idealTree:prePrune ├── code-point-at@1.0.0
53 silly idealTree:prePrune ├── combined-stream@1.0.5
53 silly idealTree:prePrune ├── commander@2.6.0
53 silly idealTree:prePrune ├── component-bind@1.0.0
53 silly idealTree:prePrune ├── component-emitter@1.1.2
53 silly idealTree:prePrune ├── component-inherit@0.0.3
53 silly idealTree:prePrune ├── concat-map@0.0.1
53 silly idealTree:prePrune ├── concurrently@1.0.0
53 silly idealTree:prePrune ├── connect-history-api-fallback@1.1.0
53 silly idealTree:prePrune ├── connect-logger@0.0.1
53 silly idealTree:prePrune ├── connect@3.4.1
53 silly idealTree:prePrune ├── core-util-is@1.0.2
53 silly idealTree:prePrune ├── cross-spawn@0.2.9
53 silly idealTree:prePrune ├── cryptiles@2.0.5
53 silly idealTree:prePrune ├── ctype@0.5.3
53 silly idealTree:prePrune ├── debug@2.2.0
53 silly idealTree:prePrune ├── decamelize@1.1.2
53 silly idealTree:prePrune ├── delayed-stream@1.0.0
53 silly idealTree:prePrune ├── depd@1.1.0
53 silly idealTree:prePrune ├── destroy@1.0.4
53 silly idealTree:prePrune ├── dev-ip@1.0.1
53 silly idealTree:prePrune ├─┬ easy-extender@2.3.2
53 silly idealTree:prePrune │ └── lodash@3.10.1
53 silly idealTree:prePrune ├── eazy-logger@2.1.2
53 silly idealTree:prePrune ├── ee-first@1.1.1
53 silly idealTree:prePrune ├── emitter-steward@1.0.0
53 silly idealTree:prePrune ├─┬ engine.io-client@1.5.4
53 silly idealTree:prePrune │ ├── debug@1.0.4
53 silly idealTree:prePrune │ ├── ms@0.6.2
53 silly idealTree:prePrune │ └── parseuri@0.0.4
53 silly idealTree:prePrune ├── engine.io-parser@1.2.2
53 silly idealTree:prePrune ├─┬ engine.io@1.5.4
53 silly idealTree:prePrune │ ├── debug@1.0.3
53 silly idealTree:prePrune │ └── ms@0.6.2
53 silly idealTree:prePrune ├── es6-module-loader@0.17.11
53 silly idealTree:prePrune ├── es6-promise@3.0.2
53 silly idealTree:prePrune ├── es6-shim@0.33.13
53 silly idealTree:prePrune ├── escape-html@1.0.3
53 silly idealTree:prePrune ├── escape-string-regexp@1.0.4
53 silly idealTree:prePrune ├── etag@1.7.0
53 silly idealTree:prePrune ├── eventemitter3@1.1.1
53 silly idealTree:prePrune ├── expand-brackets@0.1.4
53 silly idealTree:prePrune ├── expand-range@1.8.1
53 silly idealTree:prePrune ├─┬ express@2.5.11
53 silly idealTree:prePrune │ └── connect@1.9.2
53 silly idealTree:prePrune ├── extend@3.0.0
53 silly idealTree:prePrune ├── extglob@0.3.2
53 silly idealTree:prePrune ├── filename-regex@2.0.0
53 silly idealTree:prePrune ├── fill-range@2.2.3
53 silly idealTree:prePrune ├── finalhandler@0.4.1
53 silly idealTree:prePrune ├── for-in@0.1.4
53 silly idealTree:prePrune ├── for-own@0.1.3
53 silly idealTree:prePrune ├── forever-agent@0.6.1
53 silly idealTree:prePrune ├── form-data@1.0.0-rc3
53 silly idealTree:prePrune ├── formidable@1.0.17
53 silly idealTree:prePrune ├─┬ foxy@11.1.4
53 silly idealTree:prePrune │ └── resp-modifier@4.0.4
53 silly idealTree:prePrune ├── fresh@0.3.0
53 silly idealTree:prePrune ├── fs-extra@0.26.5
53 silly idealTree:prePrune ├─┬ fsevents@1.0.7
53 silly idealTree:prePrune │ ├── ansi-regex@2.0.0
53 silly idealTree:prePrune │ ├── ansi-styles@2.1.0
53 silly idealTree:prePrune │ ├── ansi@0.3.0
53 silly idealTree:prePrune │ ├── are-we-there-yet@1.0.5
53 silly idealTree:prePrune │ ├── asn1@0.2.3
53 silly idealTree:prePrune │ ├── assert-plus@0.1.5
53 silly idealTree:prePrune │ ├── async@1.5.1
53 silly idealTree:prePrune │ ├── aws-sign2@0.6.0
53 silly idealTree:prePrune │ ├── bl@1.0.0
53 silly idealTree:prePrune │ ├── block-stream@0.0.8
53 silly idealTree:prePrune │ ├── boom@2.10.1
53 silly idealTree:prePrune │ ├── caseless@0.11.0
53 silly idealTree:prePrune │ ├── chalk@1.1.1
53 silly idealTree:prePrune │ ├── combined-stream@1.0.5
53 silly idealTree:prePrune │ ├── commander@2.9.0
53 silly idealTree:prePrune │ ├── core-util-is@1.0.2
53 silly idealTree:prePrune │ ├── cryptiles@2.0.5
53 silly idealTree:prePrune │ ├── dashdash@1.11.0
53 silly idealTree:prePrune │ ├── debug@0.7.4
53 silly idealTree:prePrune │ ├── deep-extend@0.4.0
53 silly idealTree:prePrune │ ├── delayed-stream@1.0.0
53 silly idealTree:prePrune │ ├── delegates@0.1.0
53 silly idealTree:prePrune │ ├── ecc-jsbn@0.1.1
53 silly idealTree:prePrune │ ├── escape-string-regexp@1.0.4
53 silly idealTree:prePrune │ ├── extend@3.0.0
53 silly idealTree:prePrune │ ├── extsprintf@1.0.2
53 silly idealTree:prePrune │ ├── forever-agent@0.6.1
53 silly idealTree:prePrune │ ├── form-data@1.0.0-rc3
53 silly idealTree:prePrune │ ├─┬ fstream-ignore@1.0.3
53 silly idealTree:prePrune │ │ └─┬ minimatch@3.0.0
53 silly idealTree:prePrune │ │   └─┬ brace-expansion@1.1.2
53 silly idealTree:prePrune │ │     ├── balanced-match@0.3.0
53 silly idealTree:prePrune │ │     └── concat-map@0.0.1
53 silly idealTree:prePrune │ ├── fstream@1.0.8
53 silly idealTree:prePrune │ ├── gauge@1.2.2
53 silly idealTree:prePrune │ ├── generate-function@2.0.0
53 silly idealTree:prePrune │ ├── generate-object-property@1.2.0
53 silly idealTree:prePrune │ ├── graceful-fs@4.1.2
53 silly idealTree:prePrune │ ├── graceful-readlink@1.0.1
53 silly idealTree:prePrune │ ├── har-validator@2.0.3
53 silly idealTree:prePrune │ ├── has-ansi@2.0.0
53 silly idealTree:prePrune │ ├── has-unicode@1.0.1
53 silly idealTree:prePrune │ ├── hawk@3.1.2
53 silly idealTree:prePrune │ ├── hoek@2.16.3
53 silly idealTree:prePrune │ ├── http-signature@1.1.0
53 silly idealTree:prePrune │ ├── inherits@2.0.1
53 silly idealTree:prePrune │ ├── ini@1.3.4
53 silly idealTree:prePrune │ ├── is-my-json-valid@2.12.3
53 silly idealTree:prePrune │ ├── is-property@1.0.2
53 silly idealTree:prePrune │ ├── is-typedarray@1.0.0
53 silly idealTree:prePrune │ ├── isarray@0.0.1
53 silly idealTree:prePrune │ ├── isstream@0.1.2
53 silly idealTree:prePrune │ ├── jodid25519@1.0.2
53 silly idealTree:prePrune │ ├── jsbn@0.1.0
53 silly idealTree:prePrune │ ├── json-schema@0.2.2
53 silly idealTree:prePrune │ ├── json-stringify-safe@5.0.1
53 silly idealTree:prePrune │ ├── jsonpointer@2.0.0
53 silly idealTree:prePrune │ ├── jsprim@1.2.2
53 silly idealTree:prePrune │ ├── lodash._basetostring@3.0.1
53 silly idealTree:prePrune │ ├── lodash._createpadding@3.6.1
53 silly idealTree:prePrune │ ├── lodash.pad@3.1.1
53 silly idealTree:prePrune │ ├── lodash.padleft@3.1.1
53 silly idealTree:prePrune │ ├── lodash.padright@3.1.1
53 silly idealTree:prePrune │ ├── lodash.repeat@3.0.1
53 silly idealTree:prePrune │ ├── mime-db@1.21.0
53 silly idealTree:prePrune │ ├── mime-types@2.1.9
53 silly idealTree:prePrune │ ├── minimist@0.0.8
53 silly idealTree:prePrune │ ├── mkdirp@0.5.1
53 silly idealTree:prePrune │ ├─┬ node-pre-gyp@0.6.19
53 silly idealTree:prePrune │ │ └─┬ nopt@3.0.6
53 silly idealTree:prePrune │ │   └── abbrev@1.0.7
53 silly idealTree:prePrune │ ├── node-uuid@1.4.7
53 silly idealTree:prePrune │ ├── npmlog@2.0.0
53 silly idealTree:prePrune │ ├── oauth-sign@0.8.0
53 silly idealTree:prePrune │ ├── once@1.1.1
53 silly idealTree:prePrune │ ├── pinkie-promise@2.0.0
53 silly idealTree:prePrune │ ├── pinkie@2.0.1
53 silly idealTree:prePrune │ ├── process-nextick-args@1.0.6
53 silly idealTree:prePrune │ ├── qs@5.2.0
53 silly idealTree:prePrune │ ├─┬ rc@1.1.6
53 silly idealTree:prePrune │ │ └── minimist@1.2.0
53 silly idealTree:prePrune │ ├── readable-stream@2.0.5
53 silly idealTree:prePrune │ ├── request@2.67.0
53 silly idealTree:prePrune │ ├─┬ rimraf@2.5.0
53 silly idealTree:prePrune │ │ └─┬ glob@6.0.3
53 silly idealTree:prePrune │ │   ├─┬ inflight@1.0.4
53 silly idealTree:prePrune │ │   │ └── wrappy@1.0.1
53 silly idealTree:prePrune │ │   ├── inherits@2.0.1
53 silly idealTree:prePrune │ │   ├─┬ minimatch@3.0.0
53 silly idealTree:prePrune │ │   │ └─┬ brace-expansion@1.1.2
53 silly idealTree:prePrune │ │   │   ├── balanced-match@0.3.0
53 silly idealTree:prePrune │ │   │   └── concat-map@0.0.1
53 silly idealTree:prePrune │ │   ├─┬ once@1.3.3
53 silly idealTree:prePrune │ │   │ └── wrappy@1.0.1
53 silly idealTree:prePrune │ │   └── path-is-absolute@1.0.0
53 silly idealTree:prePrune │ ├── semver@5.1.0
53 silly idealTree:prePrune │ ├── sntp@1.0.9
53 silly idealTree:prePrune │ ├─┬ sshpk@1.7.2
53 silly idealTree:prePrune │ │ └── assert-plus@0.2.0
53 silly idealTree:prePrune │ ├── string_decoder@0.10.31
53 silly idealTree:prePrune │ ├── stringstream@0.0.5
53 silly idealTree:prePrune │ ├── strip-ansi@3.0.0
53 silly idealTree:prePrune │ ├── strip-json-comments@1.0.4
53 silly idealTree:prePrune │ ├── supports-color@2.0.0
53 silly idealTree:prePrune │ ├─┬ tar-pack@3.1.2
53 silly idealTree:prePrune │ │ └─┬ rimraf@2.4.5
53 silly idealTree:prePrune │ │   └─┬ glob@6.0.3
53 silly idealTree:prePrune │ │     ├─┬ inflight@1.0.4
53 silly idealTree:prePrune │ │     │ └── wrappy@1.0.1
53 silly idealTree:prePrune │ │     ├── inherits@2.0.1
53 silly idealTree:prePrune │ │     ├─┬ minimatch@3.0.0
53 silly idealTree:prePrune │ │     │ └─┬ brace-expansion@1.1.2
53 silly idealTree:prePrune │ │     │   ├── balanced-match@0.3.0
53 silly idealTree:prePrune │ │     │   └── concat-map@0.0.1
53 silly idealTree:prePrune │ │     ├─┬ once@1.3.3
53 silly idealTree:prePrune │ │     │ └── wrappy@1.0.1
53 silly idealTree:prePrune │ │     └── path-is-absolute@1.0.0
53 silly idealTree:prePrune │ ├── tar@2.2.1
53 silly idealTree:prePrune │ ├── tough-cookie@2.2.1
53 silly idealTree:prePrune │ ├── tunnel-agent@0.4.2
53 silly idealTree:prePrune │ ├── tweetnacl@0.13.2
53 silly idealTree:prePrune │ ├── uid-number@0.0.3
53 silly idealTree:prePrune │ ├── util-deprecate@1.0.2
53 silly idealTree:prePrune │ ├── verror@1.3.6
53 silly idealTree:prePrune │ └── xtend@4.0.1
53 silly idealTree:prePrune ├── generate-function@2.0.0
53 silly idealTree:prePrune ├── generate-object-property@1.2.0
53 silly idealTree:prePrune ├── get-stdin@4.0.1
53 silly idealTree:prePrune ├── glob-base@0.3.0
53 silly idealTree:prePrune ├── glob-parent@2.0.0
53 silly idealTree:prePrune ├── glob@6.0.4
53 silly idealTree:prePrune ├── global@2.0.1
53 silly idealTree:prePrune ├── graceful-fs@4.1.3
53 silly idealTree:prePrune ├── graceful-readlink@1.0.1
53 silly idealTree:prePrune ├─┬ har-validator@2.0.6
53 silly idealTree:prePrune │ ├── ansi-regex@2.0.0
53 silly idealTree:prePrune │ ├── ansi-styles@2.1.0
53 silly idealTree:prePrune │ ├── chalk@1.1.1
53 silly idealTree:prePrune │ ├── commander@2.9.0
53 silly idealTree:prePrune │ ├── has-ansi@2.0.0
53 silly idealTree:prePrune │ ├── strip-ansi@3.0.0
53 silly idealTree:prePrune │ └── supports-color@2.0.0
53 silly idealTree:prePrune ├── has-ansi@0.1.0
53 silly idealTree:prePrune ├── has-binary-data@0.1.3
53 silly idealTree:prePrune ├── has-binary@0.1.6
53 silly idealTree:prePrune ├── has-cors@1.0.3
53 silly idealTree:prePrune ├── hawk@3.1.3
53 silly idealTree:prePrune ├── hoek@2.16.3
53 silly idealTree:prePrune ├── http-errors@1.3.1
53 silly idealTree:prePrune ├── http-proxy@1.13.1
53 silly idealTree:prePrune ├── http-signature@0.11.0
53 silly idealTree:prePrune ├── immutable@3.7.6
53 silly idealTree:prePrune ├── indent-string@1.2.2
53 silly idealTree:prePrune ├── indexof@0.0.1
53 silly idealTree:prePrune ├── inflight@1.0.4
53 silly idealTree:prePrune ├── inherits@2.0.1
53 silly idealTree:prePrune ├── invert-kv@1.0.0
53 silly idealTree:prePrune ├── is-binary-path@1.0.1
53 silly idealTree:prePrune ├── is-buffer@1.1.2
53 silly idealTree:prePrune ├── is-dotfile@1.0.2
53 silly idealTree:prePrune ├── is-equal-shallow@0.1.3
53 silly idealTree:prePrune ├── is-extendable@0.1.1
53 silly idealTree:prePrune ├── is-extglob@1.0.0
53 silly idealTree:prePrune ├── is-finite@1.0.1
53 silly idealTree:prePrune ├── is-fullwidth-code-point@1.0.0
53 silly idealTree:prePrune ├── is-glob@2.0.1
53 silly idealTree:prePrune ├── is-my-json-valid@2.12.4
53 silly idealTree:prePrune ├── is-number@2.1.0
53 silly idealTree:prePrune ├── is-primitive@2.0.0
53 silly idealTree:prePrune ├── is-property@1.0.2
53 silly idealTree:prePrune ├── isarray@0.0.1
53 silly idealTree:prePrune ├── isobject@2.0.0
53 silly idealTree:prePrune ├── isstream@0.1.2
53 silly idealTree:prePrune ├── json-stringify-safe@5.0.1
53 silly idealTree:prePrune ├── json3@3.2.6
53 silly idealTree:prePrune ├── jsonfile@2.2.3
53 silly idealTree:prePrune ├── jsonpointer@2.0.0
53 silly idealTree:prePrune ├── kind-of@3.0.2
53 silly idealTree:prePrune ├── klaw@1.1.3
53 silly idealTree:prePrune ├── lazy-cache@0.2.7
53 silly idealTree:prePrune ├── lcid@1.0.0
53 silly idealTree:prePrune ├── limiter@1.1.0
53 silly idealTree:prePrune ├─┬ lite-server@2.0.1
53 silly idealTree:prePrune │ └── lodash@4.3.0
53 silly idealTree:prePrune ├── localtunnel@1.8.1
53 silly idealTree:prePrune ├── lodash._arraycopy@3.0.0
53 silly idealTree:prePrune ├── lodash._arrayeach@3.0.0
53 silly idealTree:prePrune ├── lodash._basecopy@3.0.1
53 silly idealTree:prePrune ├── lodash._basefor@3.0.3
53 silly idealTree:prePrune ├── lodash._bindcallback@3.0.1
53 silly idealTree:prePrune ├── lodash._createassigner@3.1.1
53 silly idealTree:prePrune ├── lodash._getnative@3.9.1
53 silly idealTree:prePrune ├── lodash._isiterateecall@3.0.9
53 silly idealTree:prePrune ├── lodash.isarguments@3.0.6
53 silly idealTree:prePrune ├── lodash.isarray@3.0.4
53 silly idealTree:prePrune ├── lodash.isplainobject@3.2.0
53 silly idealTree:prePrune ├── lodash.istypedarray@3.0.4
53 silly idealTree:prePrune ├── lodash.keys@3.1.2
53 silly idealTree:prePrune ├── lodash.keysin@3.0.8
53 silly idealTree:prePrune ├── lodash.merge@3.3.2
53 silly idealTree:prePrune ├── lodash.restparam@3.6.1
53 silly idealTree:prePrune ├── lodash.toplainobject@3.0.0
53 silly idealTree:prePrune ├── lodash@3.1.0
53 silly idealTree:prePrune ├── longest@1.0.1
53 silly idealTree:prePrune ├── lru-cache@2.7.3
53 silly idealTree:prePrune ├── map-obj@1.0.1
53 silly idealTree:prePrune ├── meow@3.3.0
53 silly idealTree:prePrune ├── micromatch@2.3.5
53 silly idealTree:prePrune ├── mime-db@1.21.0
53 silly idealTree:prePrune ├── mime-types@2.1.9
53 silly idealTree:prePrune ├── mime@1.2.4
53 silly idealTree:prePrune ├── minimatch@2.0.10
53 silly idealTree:prePrune ├── minimist@1.2.0
53 silly idealTree:prePrune ├── mkdirp@0.3.0
53 silly idealTree:prePrune ├── moment@2.11.2
53 silly idealTree:prePrune ├── ms@0.7.1
53 silly idealTree:prePrune ├── nan@2.2.0
53 silly idealTree:prePrune ├── negotiator@0.5.3
53 silly idealTree:prePrune ├── node-uuid@1.4.7
53 silly idealTree:prePrune ├── nopt@3.0.6
53 silly idealTree:prePrune ├── normalize-path@2.0.1
53 silly idealTree:prePrune ├── number-is-nan@1.0.0
53 silly idealTree:prePrune ├── oauth-sign@0.8.1
53 silly idealTree:prePrune ├── object-assign@3.0.0
53 silly idealTree:prePrune ├── object-component@0.0.3
53 silly idealTree:prePrune ├── object-keys@1.0.1
53 silly idealTree:prePrune ├── object-path@0.9.2
53 silly idealTree:prePrune ├── object.omit@2.0.0
53 silly idealTree:prePrune ├── on-finished@2.3.0
53 silly idealTree:prePrune ├── once@1.3.3
53 silly idealTree:prePrune ├── openurl@1.1.0
53 silly idealTree:prePrune ├─┬ opn@3.0.3
53 silly idealTree:prePrune │ └── object-assign@4.0.1
53 silly idealTree:prePrune ├─┬ opt-merger@1.1.1
53 silly idealTree:prePrune │ └── lodash@3.10.1
53 silly idealTree:prePrune ├── options@0.0.6
53 silly idealTree:prePrune ├── os-locale@1.4.0
53 silly idealTree:prePrune ├── parse-glob@3.0.4
53 silly idealTree:prePrune ├── parsejson@0.0.1
53 silly idealTree:prePrune ├── parseqs@0.0.2
53 silly idealTree:prePrune ├── parseuri@0.0.2
53 silly idealTree:prePrune ├── parseurl@1.3.1
53 silly idealTree:prePrune ├── path-is-absolute@1.0.0
53 silly idealTree:prePrune ├── pinkie-promise@2.0.0
53 silly idealTree:prePrune ├── pinkie@2.0.4
53 silly idealTree:prePrune ├─┬ portscanner@1.0.0
53 silly idealTree:prePrune │ └── async@0.1.15
53 silly idealTree:prePrune ├── preserve@0.2.0
53 silly idealTree:prePrune ├── process-nextick-args@1.0.6
53 silly idealTree:prePrune ├── qs@0.4.2
53 silly idealTree:prePrune ├── query-string@2.4.2
53 silly idealTree:prePrune ├── randomatic@1.1.5
53 silly idealTree:prePrune ├── range-parser@1.0.3
53 silly idealTree:prePrune ├── readable-stream@2.0.5
53 silly idealTree:prePrune ├── readdirp@2.0.0
53 silly idealTree:prePrune ├── reflect-metadata@0.1.2
53 silly idealTree:prePrune ├── regex-cache@0.4.2
53 silly idealTree:prePrune ├── repeat-element@1.1.2
53 silly idealTree:prePrune ├── repeat-string@1.5.2
53 silly idealTree:prePrune ├── repeating@1.1.3
53 silly idealTree:prePrune ├─┬ request@2.65.0
53 silly idealTree:prePrune │ └── qs@5.2.0
53 silly idealTree:prePrune ├── requires-port@1.0.0
53 silly idealTree:prePrune ├── resp-modifier@5.0.2
53 silly idealTree:prePrune ├── rimraf@2.5.1
53 silly idealTree:prePrune ├── rx@2.3.24
53 silly idealTree:prePrune ├── rxjs@5.0.0-beta.0
53 silly idealTree:prePrune ├─┬ send@0.13.1
53 silly idealTree:prePrune │ └── mime@1.3.4
53 silly idealTree:prePrune ├── serve-index@1.7.3
53 silly idealTree:prePrune ├── serve-static@1.10.2
53 silly idealTree:prePrune ├── sntp@1.0.9
53 silly idealTree:prePrune ├─┬ socket.io-adapter@0.3.1
53 silly idealTree:prePrune │ ├── debug@1.0.2
53 silly idealTree:prePrune │ ├── ms@0.6.2
53 silly idealTree:prePrune │ └─┬ socket.io-parser@2.2.2
53 silly idealTree:prePrune │   └── debug@0.7.4
53 silly idealTree:prePrune ├─┬ socket.io-client@1.3.7
53 silly idealTree:prePrune │ └── debug@0.7.4
53 silly idealTree:prePrune ├─┬ socket.io-parser@2.2.4
53 silly idealTree:prePrune │ └── debug@0.7.4
53 silly idealTree:prePrune ├─┬ socket.io@1.3.7
53 silly idealTree:prePrune │ ├── debug@2.1.0
53 silly idealTree:prePrune │ └── ms@0.6.2
53 silly idealTree:prePrune ├── statuses@1.2.1
53 silly idealTree:prePrune ├── stream-throttle@0.1.3
53 silly idealTree:prePrune ├── strict-uri-encode@1.1.0
53 silly idealTree:prePrune ├── string_decoder@0.10.31
53 silly idealTree:prePrune ├─┬ string-width@1.0.1
53 silly idealTree:prePrune │ ├── ansi-regex@2.0.0
53 silly idealTree:prePrune │ └── strip-ansi@3.0.0
53 silly idealTree:prePrune ├── stringstream@0.0.5
53 silly idealTree:prePrune ├── strip-ansi@0.3.0
53 silly idealTree:prePrune ├── supports-color@0.2.0
53 silly idealTree:prePrune ├── systemjs@0.19.6
53 silly idealTree:prePrune ├── tfunk@3.0.1
53 silly idealTree:prePrune ├── to-array@0.1.3
53 silly idealTree:prePrune ├── tough-cookie@2.2.1
53 silly idealTree:prePrune ├── tunnel-agent@0.4.2
53 silly idealTree:prePrune ├── typescript@1.7.5
53 silly idealTree:prePrune ├── ua-parser-js@0.7.10
53 silly idealTree:prePrune ├── ucfirst@1.0.0
53 silly idealTree:prePrune ├── ultron@1.0.2
53 silly idealTree:prePrune ├── underscore@1.7.0
53 silly idealTree:prePrune ├── unpipe@1.0.0
53 silly idealTree:prePrune ├── utf-8-validate@1.2.1
53 silly idealTree:prePrune ├── utf8@2.1.0
53 silly idealTree:prePrune ├── util-deprecate@1.0.2
53 silly idealTree:prePrune ├── utils-merge@1.0.0
53 silly idealTree:prePrune ├── weinre@2.0.0-pre-I0Z7U9OV
53 silly idealTree:prePrune ├── when@3.7.7
53 silly idealTree:prePrune ├── window-size@0.1.4
53 silly idealTree:prePrune ├── wrap-ansi@1.0.0
53 silly idealTree:prePrune ├── wrappy@1.0.1
53 silly idealTree:prePrune ├── ws@0.8.0
53 silly idealTree:prePrune ├── xmlhttprequest@1.5.0
53 silly idealTree:prePrune ├── xtend@4.0.1
53 silly idealTree:prePrune ├── y18n@3.2.0
53 silly idealTree:prePrune ├── yargs@3.29.0
53 silly idealTree:prePrune └── zone.js@0.5.11
54 silly loadIdealTree Finishing
55 silly currentTree angular2-quickstart@1.0.0
55 silly currentTree ├── abbrev@1.0.7
55 silly currentTree ├── accepts@1.2.13
55 silly currentTree ├── after@0.8.1
55 silly currentTree ├── angular2@2.0.0-beta.3
55 silly currentTree ├── ansi-regex@0.2.1
55 silly currentTree ├── ansi-styles@1.1.0
55 silly currentTree ├── anymatch@1.3.0
55 silly currentTree ├── arr-diff@2.0.0
55 silly currentTree ├── arr-flatten@1.0.1
55 silly currentTree ├── array-unique@0.2.1
55 silly currentTree ├── arraybuffer.slice@0.0.6
55 silly currentTree ├── arrify@1.0.1
55 silly currentTree ├── asn1@0.1.11
55 silly currentTree ├── assert-plus@0.1.5
55 silly currentTree ├── async-each-series@0.1.1
55 silly currentTree ├── async-each@0.1.6
55 silly currentTree ├── async@1.5.2
55 silly currentTree ├── aws-sign2@0.6.0
55 silly currentTree ├── backo2@1.0.2
55 silly currentTree ├── balanced-match@0.3.0
55 silly currentTree ├── base64-arraybuffer@0.1.2
55 silly currentTree ├── base64id@0.1.0
55 silly currentTree ├── batch@0.5.3
55 silly currentTree ├── benchmark@1.0.0
55 silly currentTree ├── better-assert@1.0.2
55 silly currentTree ├── binary-extensions@1.4.0
55 silly currentTree ├── bindings@1.2.1
55 silly currentTree ├── bl@1.0.2
55 silly currentTree ├── blob@0.0.4
55 silly currentTree ├── bluebird@2.9.6
55 silly currentTree ├── boom@2.10.1
55 silly currentTree ├── brace-expansion@1.1.2
55 silly currentTree ├── braces@1.8.3
55 silly currentTree ├── browser-sync-client@2.4.1
55 silly currentTree ├── browser-sync-ui@0.5.18
55 silly currentTree ├─┬ browser-sync@2.11.1
55 silly currentTree │ └── lodash@3.10.1
55 silly currentTree ├── bs-recipes@1.0.5
55 silly currentTree ├── bufferutil@1.2.1
55 silly currentTree ├── callsite@1.0.0
55 silly currentTree ├── camelcase-keys@1.0.0
55 silly currentTree ├── camelcase@1.2.1
55 silly currentTree ├── caseless@0.11.0
55 silly currentTree ├── chalk@0.5.1
55 silly currentTree ├── chokidar@1.4.1
55 silly currentTree ├─┬ cliui@3.1.0
55 silly currentTree │ ├── ansi-regex@2.0.0
55 silly currentTree │ └── strip-ansi@3.0.0
55 silly currentTree ├── code-point-at@1.0.0
55 silly currentTree ├── combined-stream@1.0.5
55 silly currentTree ├── commander@2.6.0
55 silly currentTree ├── component-bind@1.0.0
55 silly currentTree ├── component-emitter@1.1.2
55 silly currentTree ├── component-inherit@0.0.3
55 silly currentTree ├── concat-map@0.0.1
55 silly currentTree ├── concurrently@1.0.0
55 silly currentTree ├── connect-history-api-fallback@1.1.0
55 silly currentTree ├── connect-logger@0.0.1
55 silly currentTree ├── connect@3.4.1
55 silly currentTree ├── core-util-is@1.0.2
55 silly currentTree ├── cross-spawn@0.2.9
55 silly currentTree ├── cryptiles@2.0.5
55 silly currentTree ├── ctype@0.5.3
55 silly currentTree ├── debug@2.2.0
55 silly currentTree ├── decamelize@1.1.2
55 silly currentTree ├── delayed-stream@1.0.0
55 silly currentTree ├── depd@1.1.0
55 silly currentTree ├── destroy@1.0.4
55 silly currentTree ├── dev-ip@1.0.1
55 silly currentTree ├─┬ easy-extender@2.3.2
55 silly currentTree │ └── lodash@3.10.1
55 silly currentTree ├── eazy-logger@2.1.2
55 silly currentTree ├── ee-first@1.1.1
55 silly currentTree ├── emitter-steward@1.0.0
55 silly currentTree ├─┬ engine.io-client@1.5.4
55 silly currentTree │ ├── debug@1.0.4
55 silly currentTree │ ├── ms@0.6.2
55 silly currentTree │ └── parseuri@0.0.4
55 silly currentTree ├── engine.io-parser@1.2.2
55 silly currentTree ├─┬ engine.io@1.5.4
55 silly currentTree │ ├── debug@1.0.3
55 silly currentTree │ └── ms@0.6.2
55 silly currentTree ├── es6-module-loader@0.17.11
55 silly currentTree ├── es6-promise@3.0.2
55 silly currentTree ├── es6-shim@0.33.13
55 silly currentTree ├── escape-html@1.0.3
55 silly currentTree ├── escape-string-regexp@1.0.4
55 silly currentTree ├── etag@1.7.0
55 silly currentTree ├── eventemitter3@1.1.1
55 silly currentTree ├── expand-brackets@0.1.4
55 silly currentTree ├── expand-range@1.8.1
55 silly currentTree ├─┬ express@2.5.11
55 silly currentTree │ └── connect@1.9.2
55 silly currentTree ├── extend@3.0.0
55 silly currentTree ├── extglob@0.3.2
55 silly currentTree ├── filename-regex@2.0.0
55 silly currentTree ├── fill-range@2.2.3
55 silly currentTree ├── finalhandler@0.4.1
55 silly currentTree ├── for-in@0.1.4
55 silly currentTree ├── for-own@0.1.3
55 silly currentTree ├── forever-agent@0.6.1
55 silly currentTree ├── form-data@1.0.0-rc3
55 silly currentTree ├── formidable@1.0.17
55 silly currentTree ├─┬ foxy@11.1.4
55 silly currentTree │ └── resp-modifier@4.0.4
55 silly currentTree ├── fresh@0.3.0
55 silly currentTree ├── fs-extra@0.26.5
55 silly currentTree ├─┬ fsevents@1.0.7
55 silly currentTree │ ├── ansi-regex@2.0.0
55 silly currentTree │ ├── ansi-styles@2.1.0
55 silly currentTree │ ├── ansi@0.3.0
55 silly currentTree │ ├── are-we-there-yet@1.0.5
55 silly currentTree │ ├── asn1@0.2.3
55 silly currentTree │ ├── assert-plus@0.1.5
55 silly currentTree │ ├── async@1.5.1
55 silly currentTree │ ├── aws-sign2@0.6.0
55 silly currentTree │ ├── bl@1.0.0
55 silly currentTree │ ├── block-stream@0.0.8
55 silly currentTree │ ├── boom@2.10.1
55 silly currentTree │ ├── caseless@0.11.0
55 silly currentTree │ ├── chalk@1.1.1
55 silly currentTree │ ├── combined-stream@1.0.5
55 silly currentTree │ ├── commander@2.9.0
55 silly currentTree │ ├── core-util-is@1.0.2
55 silly currentTree │ ├── cryptiles@2.0.5
55 silly currentTree │ ├── dashdash@1.11.0
55 silly currentTree │ ├── debug@0.7.4
55 silly currentTree │ ├── deep-extend@0.4.0
55 silly currentTree │ ├── delayed-stream@1.0.0
55 silly currentTree │ ├── delegates@0.1.0
55 silly currentTree │ ├── ecc-jsbn@0.1.1
55 silly currentTree │ ├── escape-string-regexp@1.0.4
55 silly currentTree │ ├── extend@3.0.0
55 silly currentTree │ ├── extsprintf@1.0.2
55 silly currentTree │ ├── forever-agent@0.6.1
55 silly currentTree │ ├── form-data@1.0.0-rc3
55 silly currentTree │ ├─┬ fstream-ignore@1.0.3
55 silly currentTree │ │ └─┬ minimatch@3.0.0
55 silly currentTree │ │   └─┬ brace-expansion@1.1.2
55 silly currentTree │ │     ├── balanced-match@0.3.0
55 silly currentTree │ │     └── concat-map@0.0.1
55 silly currentTree │ ├── fstream@1.0.8
55 silly currentTree │ ├── gauge@1.2.2
55 silly currentTree │ ├── generate-function@2.0.0
55 silly currentTree │ ├── generate-object-property@1.2.0
55 silly currentTree │ ├── graceful-fs@4.1.2
55 silly currentTree │ ├── graceful-readlink@1.0.1
55 silly currentTree │ ├── har-validator@2.0.3
55 silly currentTree │ ├── has-ansi@2.0.0
55 silly currentTree │ ├── has-unicode@1.0.1
55 silly currentTree │ ├── hawk@3.1.2
55 silly currentTree │ ├── hoek@2.16.3
55 silly currentTree │ ├── http-signature@1.1.0
55 silly currentTree │ ├── inherits@2.0.1
55 silly currentTree │ ├── ini@1.3.4
55 silly currentTree │ ├── is-my-json-valid@2.12.3
55 silly currentTree │ ├── is-property@1.0.2
55 silly currentTree │ ├── is-typedarray@1.0.0
55 silly currentTree │ ├── isarray@0.0.1
55 silly currentTree │ ├── isstream@0.1.2
55 silly currentTree │ ├── jodid25519@1.0.2
55 silly currentTree │ ├── jsbn@0.1.0
55 silly currentTree │ ├── json-schema@0.2.2
55 silly currentTree │ ├── json-stringify-safe@5.0.1
55 silly currentTree │ ├── jsonpointer@2.0.0
55 silly currentTree │ ├── jsprim@1.2.2
55 silly currentTree │ ├── lodash._basetostring@3.0.1
55 silly currentTree │ ├── lodash._createpadding@3.6.1
55 silly currentTree │ ├── lodash.pad@3.1.1
55 silly currentTree │ ├── lodash.padleft@3.1.1
55 silly currentTree │ ├── lodash.padright@3.1.1
55 silly currentTree │ ├── lodash.repeat@3.0.1
55 silly currentTree │ ├── mime-db@1.21.0
55 silly currentTree │ ├── mime-types@2.1.9
55 silly currentTree │ ├── minimist@0.0.8
55 silly currentTree │ ├── mkdirp@0.5.1
55 silly currentTree │ ├─┬ node-pre-gyp@0.6.19
55 silly currentTree │ │ └─┬ nopt@3.0.6
55 silly currentTree │ │   └── abbrev@1.0.7
55 silly currentTree │ ├── node-uuid@1.4.7
55 silly currentTree │ ├── npmlog@2.0.0
55 silly currentTree │ ├── oauth-sign@0.8.0
55 silly currentTree │ ├── once@1.1.1
55 silly currentTree │ ├── pinkie-promise@2.0.0
55 silly currentTree │ ├── pinkie@2.0.1
55 silly currentTree │ ├── process-nextick-args@1.0.6
55 silly currentTree │ ├── qs@5.2.0
55 silly currentTree │ ├─┬ rc@1.1.6
55 silly currentTree │ │ └── minimist@1.2.0
55 silly currentTree │ ├── readable-stream@2.0.5
55 silly currentTree │ ├── request@2.67.0
55 silly currentTree │ ├─┬ rimraf@2.5.0
55 silly currentTree │ │ └─┬ glob@6.0.3
55 silly currentTree │ │   ├─┬ inflight@1.0.4
55 silly currentTree │ │   │ └── wrappy@1.0.1
55 silly currentTree │ │   ├── inherits@2.0.1
55 silly currentTree │ │   ├─┬ minimatch@3.0.0
55 silly currentTree │ │   │ └─┬ brace-expansion@1.1.2
55 silly currentTree │ │   │   ├── balanced-match@0.3.0
55 silly currentTree │ │   │   └── concat-map@0.0.1
55 silly currentTree │ │   ├─┬ once@1.3.3
55 silly currentTree │ │   │ └── wrappy@1.0.1
55 silly currentTree │ │   └── path-is-absolute@1.0.0
55 silly currentTree │ ├── semver@5.1.0
55 silly currentTree │ ├── sntp@1.0.9
55 silly currentTree │ ├─┬ sshpk@1.7.2
55 silly currentTree │ │ └── assert-plus@0.2.0
55 silly currentTree │ ├── string_decoder@0.10.31
55 silly currentTree │ ├── stringstream@0.0.5
55 silly currentTree │ ├── strip-ansi@3.0.0
55 silly currentTree │ ├── strip-json-comments@1.0.4
55 silly currentTree │ ├── supports-color@2.0.0
55 silly currentTree │ ├─┬ tar-pack@3.1.2
55 silly currentTree │ │ └─┬ rimraf@2.4.5
55 silly currentTree │ │   └─┬ glob@6.0.3
55 silly currentTree │ │     ├─┬ inflight@1.0.4
55 silly currentTree │ │     │ └── wrappy@1.0.1
55 silly currentTree │ │     ├── inherits@2.0.1
55 silly currentTree │ │     ├─┬ minimatch@3.0.0
55 silly currentTree │ │     │ └─┬ brace-expansion@1.1.2
55 silly currentTree │ │     │   ├── balanced-match@0.3.0
55 silly currentTree │ │     │   └── concat-map@0.0.1
55 silly currentTree │ │     ├─┬ once@1.3.3
55 silly currentTree │ │     │ └── wrappy@1.0.1
55 silly currentTree │ │     └── path-is-absolute@1.0.0
55 silly currentTree │ ├── tar@2.2.1
55 silly currentTree │ ├── tough-cookie@2.2.1
55 silly currentTree │ ├── tunnel-agent@0.4.2
55 silly currentTree │ ├── tweetnacl@0.13.2
55 silly currentTree │ ├── uid-number@0.0.3
55 silly currentTree │ ├── util-deprecate@1.0.2
55 silly currentTree │ ├── verror@1.3.6
55 silly currentTree │ └── xtend@4.0.1
55 silly currentTree ├── generate-function@2.0.0
55 silly currentTree ├── generate-object-property@1.2.0
55 silly currentTree ├── get-stdin@4.0.1
55 silly currentTree ├── glob-base@0.3.0
55 silly currentTree ├── glob-parent@2.0.0
55 silly currentTree ├── glob@6.0.4
55 silly currentTree ├── global@2.0.1
55 silly currentTree ├── graceful-fs@4.1.3
55 silly currentTree ├── graceful-readlink@1.0.1
55 silly currentTree ├─┬ har-validator@2.0.6
55 silly currentTree │ ├── ansi-regex@2.0.0
55 silly currentTree │ ├── ansi-styles@2.1.0
55 silly currentTree │ ├── chalk@1.1.1
55 silly currentTree │ ├── commander@2.9.0
55 silly currentTree │ ├── has-ansi@2.0.0
55 silly currentTree │ ├── strip-ansi@3.0.0
55 silly currentTree │ └── supports-color@2.0.0
55 silly currentTree ├── has-ansi@0.1.0
55 silly currentTree ├── has-binary-data@0.1.3
55 silly currentTree ├── has-binary@0.1.6
55 silly currentTree ├── has-cors@1.0.3
55 silly currentTree ├── hawk@3.1.3
55 silly currentTree ├── hoek@2.16.3
55 silly currentTree ├── http-errors@1.3.1
55 silly currentTree ├── http-proxy@1.13.1
55 silly currentTree ├── http-signature@0.11.0
55 silly currentTree ├── immutable@3.7.6
55 silly currentTree ├── indent-string@1.2.2
55 silly currentTree ├── indexof@0.0.1
55 silly currentTree ├── inflight@1.0.4
55 silly currentTree ├── inherits@2.0.1
55 silly currentTree ├── invert-kv@1.0.0
55 silly currentTree ├── is-binary-path@1.0.1
55 silly currentTree ├── is-buffer@1.1.2
55 silly currentTree ├── is-dotfile@1.0.2
55 silly currentTree ├── is-equal-shallow@0.1.3
55 silly currentTree ├── is-extendable@0.1.1
55 silly currentTree ├── is-extglob@1.0.0
55 silly currentTree ├── is-finite@1.0.1
55 silly currentTree ├── is-fullwidth-code-point@1.0.0
55 silly currentTree ├── is-glob@2.0.1
55 silly currentTree ├── is-my-json-valid@2.12.4
55 silly currentTree ├── is-number@2.1.0
55 silly currentTree ├── is-primitive@2.0.0
55 silly currentTree ├── is-property@1.0.2
55 silly currentTree ├── isarray@0.0.1
55 silly currentTree ├── isobject@2.0.0
55 silly currentTree ├── isstream@0.1.2
55 silly currentTree ├── json-stringify-safe@5.0.1
55 silly currentTree ├── json3@3.2.6
55 silly currentTree ├── jsonfile@2.2.3
55 silly currentTree ├── jsonpointer@2.0.0
55 silly currentTree ├── kind-of@3.0.2
55 silly currentTree ├── klaw@1.1.3
55 silly currentTree ├── lazy-cache@0.2.7
55 silly currentTree ├── lcid@1.0.0
55 silly currentTree ├── limiter@1.1.0
55 silly currentTree ├─┬ lite-server@2.0.1
55 silly currentTree │ └── lodash@4.3.0
55 silly currentTree ├── localtunnel@1.8.1
55 silly currentTree ├── lodash._arraycopy@3.0.0
55 silly currentTree ├── lodash._arrayeach@3.0.0
55 silly currentTree ├── lodash._basecopy@3.0.1
55 silly currentTree ├── lodash._basefor@3.0.3
55 silly currentTree ├── lodash._bindcallback@3.0.1
55 silly currentTree ├── lodash._createassigner@3.1.1
55 silly currentTree ├── lodash._getnative@3.9.1
55 silly currentTree ├── lodash._isiterateecall@3.0.9
55 silly currentTree ├── lodash.isarguments@3.0.6
55 silly currentTree ├── lodash.isarray@3.0.4
55 silly currentTree ├── lodash.isplainobject@3.2.0
55 silly currentTree ├── lodash.istypedarray@3.0.4
55 silly currentTree ├── lodash.keys@3.1.2
55 silly currentTree ├── lodash.keysin@3.0.8
55 silly currentTree ├── lodash.merge@3.3.2
55 silly currentTree ├── lodash.restparam@3.6.1
55 silly currentTree ├── lodash.toplainobject@3.0.0
55 silly currentTree ├── lodash@3.1.0
55 silly currentTree ├── longest@1.0.1
55 silly currentTree ├── lru-cache@2.7.3
55 silly currentTree ├── map-obj@1.0.1
55 silly currentTree ├── meow@3.3.0
55 silly currentTree ├── micromatch@2.3.5
55 silly currentTree ├── mime-db@1.21.0
55 silly currentTree ├── mime-types@2.1.9
55 silly currentTree ├── mime@1.2.4
55 silly currentTree ├── minimatch@2.0.10
55 silly currentTree ├── minimist@1.2.0
55 silly currentTree ├── mkdirp@0.3.0
55 silly currentTree ├── moment@2.11.2
55 silly currentTree ├── ms@0.7.1
55 silly currentTree ├── nan@2.2.0
55 silly currentTree ├── negotiator@0.5.3
55 silly currentTree ├── node-uuid@1.4.7
55 silly currentTree ├── nopt@3.0.6
55 silly currentTree ├── normalize-path@2.0.1
55 silly currentTree ├── number-is-nan@1.0.0
55 silly currentTree ├── oauth-sign@0.8.1
55 silly currentTree ├── object-assign@3.0.0
55 silly currentTree ├── object-component@0.0.3
55 silly currentTree ├── object-keys@1.0.1
55 silly currentTree ├── object-path@0.9.2
55 silly currentTree ├── object.omit@2.0.0
55 silly currentTree ├── on-finished@2.3.0
55 silly currentTree ├── once@1.3.3
55 silly currentTree ├── openurl@1.1.0
55 silly currentTree ├─┬ opn@3.0.3
55 silly currentTree │ └── object-assign@4.0.1
55 silly currentTree ├─┬ opt-merger@1.1.1
55 silly currentTree │ └── lodash@3.10.1
55 silly currentTree ├── options@0.0.6
55 silly currentTree ├── os-locale@1.4.0
55 silly currentTree ├── parse-glob@3.0.4
55 silly currentTree ├── parsejson@0.0.1
55 silly currentTree ├── parseqs@0.0.2
55 silly currentTree ├── parseuri@0.0.2
55 silly currentTree ├── parseurl@1.3.1
55 silly currentTree ├── path-is-absolute@1.0.0
55 silly currentTree ├── pinkie-promise@2.0.0
55 silly currentTree ├── pinkie@2.0.4
55 silly currentTree ├─┬ portscanner@1.0.0
55 silly currentTree │ └── async@0.1.15
55 silly currentTree ├── preserve@0.2.0
55 silly currentTree ├── process-nextick-args@1.0.6
55 silly currentTree ├── qs@0.4.2
55 silly currentTree ├── query-string@2.4.2
55 silly currentTree ├── randomatic@1.1.5
55 silly currentTree ├── range-parser@1.0.3
55 silly currentTree ├── readable-stream@2.0.5
55 silly currentTree ├── readdirp@2.0.0
55 silly currentTree ├── reflect-metadata@0.1.2
55 silly currentTree ├── regex-cache@0.4.2
55 silly currentTree ├── repeat-element@1.1.2
55 silly currentTree ├── repeat-string@1.5.2
55 silly currentTree ├── repeating@1.1.3
55 silly currentTree ├─┬ request@2.65.0
55 silly currentTree │ └── qs@5.2.0
55 silly currentTree ├── requires-port@1.0.0
55 silly currentTree ├── resp-modifier@5.0.2
55 silly currentTree ├── rimraf@2.5.1
55 silly currentTree ├── rx@2.3.24
55 silly currentTree ├── rxjs@5.0.0-beta.0
55 silly currentTree ├─┬ send@0.13.1
55 silly currentTree │ └── mime@1.3.4
55 silly currentTree ├── serve-index@1.7.3
55 silly currentTree ├── serve-static@1.10.2
55 silly currentTree ├── sntp@1.0.9
55 silly currentTree ├─┬ socket.io-adapter@0.3.1
55 silly currentTree │ ├── debug@1.0.2
55 silly currentTree │ ├── ms@0.6.2
55 silly currentTree │ └─┬ socket.io-parser@2.2.2
55 silly currentTree │   └── debug@0.7.4
55 silly currentTree ├─┬ socket.io-client@1.3.7
55 silly currentTree │ └── debug@0.7.4
55 silly currentTree ├─┬ socket.io-parser@2.2.4
55 silly currentTree │ └── debug@0.7.4
55 silly currentTree ├─┬ socket.io@1.3.7
55 silly currentTree │ ├── debug@2.1.0
55 silly currentTree │ └── ms@0.6.2
55 silly currentTree ├── statuses@1.2.1
55 silly currentTree ├── stream-throttle@0.1.3
55 silly currentTree ├── strict-uri-encode@1.1.0
55 silly currentTree ├── string_decoder@0.10.31
55 silly currentTree ├─┬ string-width@1.0.1
55 silly currentTree │ ├── ansi-regex@2.0.0
55 silly currentTree │ └── strip-ansi@3.0.0
55 silly currentTree ├── stringstream@0.0.5
55 silly currentTree ├── strip-ansi@0.3.0
55 silly currentTree ├── supports-color@0.2.0
55 silly currentTree ├── systemjs@0.19.6
55 silly currentTree ├── tfunk@3.0.1
55 silly currentTree ├── to-array@0.1.3
55 silly currentTree ├── tough-cookie@2.2.1
55 silly currentTree ├── tunnel-agent@0.4.2
55 silly currentTree ├── typescript@1.7.5
55 silly currentTree ├── ua-parser-js@0.7.10
55 silly currentTree ├── ucfirst@1.0.0
55 silly currentTree ├── ultron@1.0.2
55 silly currentTree ├── underscore@1.7.0
55 silly currentTree ├── unpipe@1.0.0
55 silly currentTree ├── utf-8-validate@1.2.1
55 silly currentTree ├── utf8@2.1.0
55 silly currentTree ├── util-deprecate@1.0.2
55 silly currentTree ├── utils-merge@1.0.0
55 silly currentTree ├── weinre@2.0.0-pre-I0Z7U9OV
55 silly currentTree ├── when@3.7.7
55 silly currentTree ├── window-size@0.1.4
55 silly currentTree ├── wrap-ansi@1.0.0
55 silly currentTree ├── wrappy@1.0.1
55 silly currentTree ├── ws@0.8.0
55 silly currentTree ├── xmlhttprequest@1.5.0
55 silly currentTree ├── xtend@4.0.1
55 silly currentTree ├── y18n@3.2.0
55 silly currentTree └── yargs@3.29.0
56 silly idealTree angular2-quickstart@1.0.0
56 silly idealTree ├── abbrev@1.0.7
56 silly idealTree ├── accepts@1.2.13
56 silly idealTree ├── after@0.8.1
56 silly idealTree ├── angular2@2.0.0-beta.3
56 silly idealTree ├── ansi-regex@0.2.1
56 silly idealTree ├── ansi-styles@1.1.0
56 silly idealTree ├── anymatch@1.3.0
56 silly idealTree ├── arr-diff@2.0.0
56 silly idealTree ├── arr-flatten@1.0.1
56 silly idealTree ├── array-unique@0.2.1
56 silly idealTree ├── arraybuffer.slice@0.0.6
56 silly idealTree ├── arrify@1.0.1
56 silly idealTree ├── asn1@0.1.11
56 silly idealTree ├── assert-plus@0.1.5
56 silly idealTree ├── async-each-series@0.1.1
56 silly idealTree ├── async-each@0.1.6
56 silly idealTree ├── async@1.5.2
56 silly idealTree ├── aws-sign2@0.6.0
56 silly idealTree ├── backo2@1.0.2
56 silly idealTree ├── balanced-match@0.3.0
56 silly idealTree ├── base64-arraybuffer@0.1.2
56 silly idealTree ├── base64id@0.1.0
56 silly idealTree ├── batch@0.5.3
56 silly idealTree ├── benchmark@1.0.0
56 silly idealTree ├── better-assert@1.0.2
56 silly idealTree ├── binary-extensions@1.4.0
56 silly idealTree ├── bindings@1.2.1
56 silly idealTree ├── bl@1.0.2
56 silly idealTree ├── blob@0.0.4
56 silly idealTree ├── bluebird@2.9.6
56 silly idealTree ├── boom@2.10.1
56 silly idealTree ├── brace-expansion@1.1.2
56 silly idealTree ├── braces@1.8.3
56 silly idealTree ├── browser-sync-client@2.4.1
56 silly idealTree ├── browser-sync-ui@0.5.18
56 silly idealTree ├─┬ browser-sync@2.11.1
56 silly idealTree │ └── lodash@3.10.1
56 silly idealTree ├── bs-recipes@1.0.5
56 silly idealTree ├── bufferutil@1.2.1
56 silly idealTree ├── callsite@1.0.0
56 silly idealTree ├── camelcase-keys@1.0.0
56 silly idealTree ├── camelcase@1.2.1
56 silly idealTree ├── caseless@0.11.0
56 silly idealTree ├── chalk@0.5.1
56 silly idealTree ├── chokidar@1.4.1
56 silly idealTree ├─┬ cliui@3.1.0
56 silly idealTree │ ├── ansi-regex@2.0.0
56 silly idealTree │ └── strip-ansi@3.0.0
56 silly idealTree ├── code-point-at@1.0.0
56 silly idealTree ├── combined-stream@1.0.5
56 silly idealTree ├── commander@2.6.0
56 silly idealTree ├── component-bind@1.0.0
56 silly idealTree ├── component-emitter@1.1.2
56 silly idealTree ├── component-inherit@0.0.3
56 silly idealTree ├── concat-map@0.0.1
56 silly idealTree ├── concurrently@1.0.0
56 silly idealTree ├── connect-history-api-fallback@1.1.0
56 silly idealTree ├── connect-logger@0.0.1
56 silly idealTree ├── connect@3.4.1
56 silly idealTree ├── core-util-is@1.0.2
56 silly idealTree ├── cross-spawn@0.2.9
56 silly idealTree ├── cryptiles@2.0.5
56 silly idealTree ├── ctype@0.5.3
56 silly idealTree ├── debug@2.2.0
56 silly idealTree ├── decamelize@1.1.2
56 silly idealTree ├── delayed-stream@1.0.0
56 silly idealTree ├── depd@1.1.0
56 silly idealTree ├── destroy@1.0.4
56 silly idealTree ├── dev-ip@1.0.1
56 silly idealTree ├─┬ easy-extender@2.3.2
56 silly idealTree │ └── lodash@3.10.1
56 silly idealTree ├── eazy-logger@2.1.2
56 silly idealTree ├── ee-first@1.1.1
56 silly idealTree ├── emitter-steward@1.0.0
56 silly idealTree ├─┬ engine.io-client@1.5.4
56 silly idealTree │ ├── debug@1.0.4
56 silly idealTree │ ├── ms@0.6.2
56 silly idealTree │ └── parseuri@0.0.4
56 silly idealTree ├── engine.io-parser@1.2.2
56 silly idealTree ├─┬ engine.io@1.5.4
56 silly idealTree │ ├── debug@1.0.3
56 silly idealTree │ └── ms@0.6.2
56 silly idealTree ├── es6-module-loader@0.17.11
56 silly idealTree ├── es6-promise@3.0.2
56 silly idealTree ├── es6-shim@0.33.13
56 silly idealTree ├── escape-html@1.0.3
56 silly idealTree ├── escape-string-regexp@1.0.4
56 silly idealTree ├── etag@1.7.0
56 silly idealTree ├── eventemitter3@1.1.1
56 silly idealTree ├── expand-brackets@0.1.4
56 silly idealTree ├── expand-range@1.8.1
56 silly idealTree ├─┬ express@2.5.11
56 silly idealTree │ └── connect@1.9.2
56 silly idealTree ├── extend@3.0.0
56 silly idealTree ├── extglob@0.3.2
56 silly idealTree ├── filename-regex@2.0.0
56 silly idealTree ├── fill-range@2.2.3
56 silly idealTree ├── finalhandler@0.4.1
56 silly idealTree ├── for-in@0.1.4
56 silly idealTree ├── for-own@0.1.3
56 silly idealTree ├── forever-agent@0.6.1
56 silly idealTree ├── form-data@1.0.0-rc3
56 silly idealTree ├── formidable@1.0.17
56 silly idealTree ├─┬ foxy@11.1.4
56 silly idealTree │ └── resp-modifier@4.0.4
56 silly idealTree ├── fresh@0.3.0
56 silly idealTree ├── fs-extra@0.26.5
56 silly idealTree ├─┬ fsevents@1.0.7
56 silly idealTree │ ├── ansi-regex@2.0.0
56 silly idealTree │ ├── ansi-styles@2.1.0
56 silly idealTree │ ├── ansi@0.3.0
56 silly idealTree │ ├── are-we-there-yet@1.0.5
56 silly idealTree │ ├── asn1@0.2.3
56 silly idealTree │ ├── assert-plus@0.1.5
56 silly idealTree │ ├── async@1.5.1
56 silly idealTree │ ├── aws-sign2@0.6.0
56 silly idealTree │ ├── bl@1.0.0
56 silly idealTree │ ├── block-stream@0.0.8
56 silly idealTree │ ├── boom@2.10.1
56 silly idealTree │ ├── caseless@0.11.0
56 silly idealTree │ ├── chalk@1.1.1
56 silly idealTree │ ├── combined-stream@1.0.5
56 silly idealTree │ ├── commander@2.9.0
56 silly idealTree │ ├── core-util-is@1.0.2
56 silly idealTree │ ├── cryptiles@2.0.5
56 silly idealTree │ ├── dashdash@1.11.0
56 silly idealTree │ ├── debug@0.7.4
56 silly idealTree │ ├── deep-extend@0.4.0
56 silly idealTree │ ├── delayed-stream@1.0.0
56 silly idealTree │ ├── delegates@0.1.0
56 silly idealTree │ ├── ecc-jsbn@0.1.1
56 silly idealTree │ ├── escape-string-regexp@1.0.4
56 silly idealTree │ ├── extend@3.0.0
56 silly idealTree │ ├── extsprintf@1.0.2
56 silly idealTree │ ├── forever-agent@0.6.1
56 silly idealTree │ ├── form-data@1.0.0-rc3
56 silly idealTree │ ├─┬ fstream-ignore@1.0.3
56 silly idealTree │ │ └─┬ minimatch@3.0.0
56 silly idealTree │ │   └─┬ brace-expansion@1.1.2
56 silly idealTree │ │     ├── balanced-match@0.3.0
56 silly idealTree │ │     └── concat-map@0.0.1
56 silly idealTree │ ├── fstream@1.0.8
56 silly idealTree │ ├── gauge@1.2.2
56 silly idealTree │ ├── generate-function@2.0.0
56 silly idealTree │ ├── generate-object-property@1.2.0
56 silly idealTree │ ├── graceful-fs@4.1.2
56 silly idealTree │ ├── graceful-readlink@1.0.1
56 silly idealTree │ ├── har-validator@2.0.3
56 silly idealTree │ ├── has-ansi@2.0.0
56 silly idealTree │ ├── has-unicode@1.0.1
56 silly idealTree │ ├── hawk@3.1.2
56 silly idealTree │ ├── hoek@2.16.3
56 silly idealTree │ ├── http-signature@1.1.0
56 silly idealTree │ ├── inherits@2.0.1
56 silly idealTree │ ├── ini@1.3.4
56 silly idealTree │ ├── is-my-json-valid@2.12.3
56 silly idealTree │ ├── is-property@1.0.2
56 silly idealTree │ ├── is-typedarray@1.0.0
56 silly idealTree │ ├── isarray@0.0.1
56 silly idealTree │ ├── isstream@0.1.2
56 silly idealTree │ ├── jodid25519@1.0.2
56 silly idealTree │ ├── jsbn@0.1.0
56 silly idealTree │ ├── json-schema@0.2.2
56 silly idealTree │ ├── json-stringify-safe@5.0.1
56 silly idealTree │ ├── jsonpointer@2.0.0
56 silly idealTree │ ├── jsprim@1.2.2
56 silly idealTree │ ├── lodash._basetostring@3.0.1
56 silly idealTree │ ├── lodash._createpadding@3.6.1
56 silly idealTree │ ├── lodash.pad@3.1.1
56 silly idealTree │ ├── lodash.padleft@3.1.1
56 silly idealTree │ ├── lodash.padright@3.1.1
56 silly idealTree │ ├── lodash.repeat@3.0.1
56 silly idealTree │ ├── mime-db@1.21.0
56 silly idealTree │ ├── mime-types@2.1.9
56 silly idealTree │ ├── minimist@0.0.8
56 silly idealTree │ ├── mkdirp@0.5.1
56 silly idealTree │ ├─┬ node-pre-gyp@0.6.19
56 silly idealTree │ │ └─┬ nopt@3.0.6
56 silly idealTree │ │   └── abbrev@1.0.7
56 silly idealTree │ ├── node-uuid@1.4.7
56 silly idealTree │ ├── npmlog@2.0.0
56 silly idealTree │ ├── oauth-sign@0.8.0
56 silly idealTree │ ├── once@1.1.1
56 silly idealTree │ ├── pinkie-promise@2.0.0
56 silly idealTree │ ├── pinkie@2.0.1
56 silly idealTree │ ├── process-nextick-args@1.0.6
56 silly idealTree │ ├── qs@5.2.0
56 silly idealTree │ ├─┬ rc@1.1.6
56 silly idealTree │ │ └── minimist@1.2.0
56 silly idealTree │ ├── readable-stream@2.0.5
56 silly idealTree │ ├── request@2.67.0
56 silly idealTree │ ├─┬ rimraf@2.5.0
56 silly idealTree │ │ └─┬ glob@6.0.3
56 silly idealTree │ │   ├─┬ inflight@1.0.4
56 silly idealTree │ │   │ └── wrappy@1.0.1
56 silly idealTree │ │   ├── inherits@2.0.1
56 silly idealTree │ │   ├─┬ minimatch@3.0.0
56 silly idealTree │ │   │ └─┬ brace-expansion@1.1.2
56 silly idealTree │ │   │   ├── balanced-match@0.3.0
56 silly idealTree │ │   │   └── concat-map@0.0.1
56 silly idealTree │ │   ├─┬ once@1.3.3
56 silly idealTree │ │   │ └── wrappy@1.0.1
56 silly idealTree │ │   └── path-is-absolute@1.0.0
56 silly idealTree │ ├── semver@5.1.0
56 silly idealTree │ ├── sntp@1.0.9
56 silly idealTree │ ├─┬ sshpk@1.7.2
56 silly idealTree │ │ └── assert-plus@0.2.0
56 silly idealTree │ ├── string_decoder@0.10.31
56 silly idealTree │ ├── stringstream@0.0.5
56 silly idealTree │ ├── strip-ansi@3.0.0
56 silly idealTree │ ├── strip-json-comments@1.0.4
56 silly idealTree │ ├── supports-color@2.0.0
56 silly idealTree │ ├─┬ tar-pack@3.1.2
56 silly idealTree │ │ └─┬ rimraf@2.4.5
56 silly idealTree │ │   └─┬ glob@6.0.3
56 silly idealTree │ │     ├─┬ inflight@1.0.4
56 silly idealTree │ │     │ └── wrappy@1.0.1
56 silly idealTree │ │     ├── inherits@2.0.1
56 silly idealTree │ │     ├─┬ minimatch@3.0.0
56 silly idealTree │ │     │ └─┬ brace-expansion@1.1.2
56 silly idealTree │ │     │   ├── balanced-match@0.3.0
56 silly idealTree │ │     │   └── concat-map@0.0.1
56 silly idealTree │ │     ├─┬ once@1.3.3
56 silly idealTree │ │     │ └── wrappy@1.0.1
56 silly idealTree │ │     └── path-is-absolute@1.0.0
56 silly idealTree │ ├── tar@2.2.1
56 silly idealTree │ ├── tough-cookie@2.2.1
56 silly idealTree │ ├── tunnel-agent@0.4.2
56 silly idealTree │ ├── tweetnacl@0.13.2
56 silly idealTree │ ├── uid-number@0.0.3
56 silly idealTree │ ├── util-deprecate@1.0.2
56 silly idealTree │ ├── verror@1.3.6
56 silly idealTree │ └── xtend@4.0.1
56 silly idealTree ├── generate-function@2.0.0
56 silly idealTree ├── generate-object-property@1.2.0
56 silly idealTree ├── get-stdin@4.0.1
56 silly idealTree ├── glob-base@0.3.0
56 silly idealTree ├── glob-parent@2.0.0
56 silly idealTree ├── glob@6.0.4
56 silly idealTree ├── global@2.0.1
56 silly idealTree ├── graceful-fs@4.1.3
56 silly idealTree ├── graceful-readlink@1.0.1
56 silly idealTree ├─┬ har-validator@2.0.6
56 silly idealTree │ ├── ansi-regex@2.0.0
56 silly idealTree │ ├── ansi-styles@2.1.0
56 silly idealTree │ ├── chalk@1.1.1
56 silly idealTree │ ├── commander@2.9.0
56 silly idealTree │ ├── has-ansi@2.0.0
56 silly idealTree │ ├── strip-ansi@3.0.0
56 silly idealTree │ └── supports-color@2.0.0
56 silly idealTree ├── has-ansi@0.1.0
56 silly idealTree ├── has-binary-data@0.1.3
56 silly idealTree ├── has-binary@0.1.6
56 silly idealTree ├── has-cors@1.0.3
56 silly idealTree ├── hawk@3.1.3
56 silly idealTree ├── hoek@2.16.3
56 silly idealTree ├── http-errors@1.3.1
56 silly idealTree ├── http-proxy@1.13.1
56 silly idealTree ├── http-signature@0.11.0
56 silly idealTree ├── immutable@3.7.6
56 silly idealTree ├── indent-string@1.2.2
56 silly idealTree ├── indexof@0.0.1
56 silly idealTree ├── inflight@1.0.4
56 silly idealTree ├── inherits@2.0.1
56 silly idealTree ├── invert-kv@1.0.0
56 silly idealTree ├── is-binary-path@1.0.1
56 silly idealTree ├── is-buffer@1.1.2
56 silly idealTree ├── is-dotfile@1.0.2
56 silly idealTree ├── is-equal-shallow@0.1.3
56 silly idealTree ├── is-extendable@0.1.1
56 silly idealTree ├── is-extglob@1.0.0
56 silly idealTree ├── is-finite@1.0.1
56 silly idealTree ├── is-fullwidth-code-point@1.0.0
56 silly idealTree ├── is-glob@2.0.1
56 silly idealTree ├── is-my-json-valid@2.12.4
56 silly idealTree ├── is-number@2.1.0
56 silly idealTree ├── is-primitive@2.0.0
56 silly idealTree ├── is-property@1.0.2
56 silly idealTree ├── isarray@0.0.1
56 silly idealTree ├── isobject@2.0.0
56 silly idealTree ├── isstream@0.1.2
56 silly idealTree ├── json-stringify-safe@5.0.1
56 silly idealTree ├── json3@3.2.6
56 silly idealTree ├── jsonfile@2.2.3
56 silly idealTree ├── jsonpointer@2.0.0
56 silly idealTree ├── kind-of@3.0.2
56 silly idealTree ├── klaw@1.1.3
56 silly idealTree ├── lazy-cache@0.2.7
56 silly idealTree ├── lcid@1.0.0
56 silly idealTree ├── limiter@1.1.0
56 silly idealTree ├─┬ lite-server@2.0.1
56 silly idealTree │ └── lodash@4.3.0
56 silly idealTree ├── localtunnel@1.8.1
56 silly idealTree ├── lodash._arraycopy@3.0.0
56 silly idealTree ├── lodash._arrayeach@3.0.0
56 silly idealTree ├── lodash._basecopy@3.0.1
56 silly idealTree ├── lodash._basefor@3.0.3
56 silly idealTree ├── lodash._bindcallback@3.0.1
56 silly idealTree ├── lodash._createassigner@3.1.1
56 silly idealTree ├── lodash._getnative@3.9.1
56 silly idealTree ├── lodash._isiterateecall@3.0.9
56 silly idealTree ├── lodash.isarguments@3.0.6
56 silly idealTree ├── lodash.isarray@3.0.4
56 silly idealTree ├── lodash.isplainobject@3.2.0
56 silly idealTree ├── lodash.istypedarray@3.0.4
56 silly idealTree ├── lodash.keys@3.1.2
56 silly idealTree ├── lodash.keysin@3.0.8
56 silly idealTree ├── lodash.merge@3.3.2
56 silly idealTree ├── lodash.restparam@3.6.1
56 silly idealTree ├── lodash.toplainobject@3.0.0
56 silly idealTree ├── lodash@3.1.0
56 silly idealTree ├── longest@1.0.1
56 silly idealTree ├── lru-cache@2.7.3
56 silly idealTree ├── map-obj@1.0.1
56 silly idealTree ├── meow@3.3.0
56 silly idealTree ├── micromatch@2.3.5
56 silly idealTree ├── mime-db@1.21.0
56 silly idealTree ├── mime-types@2.1.9
56 silly idealTree ├── mime@1.2.4
56 silly idealTree ├── minimatch@2.0.10
56 silly idealTree ├── minimist@1.2.0
56 silly idealTree ├── mkdirp@0.3.0
56 silly idealTree ├── moment@2.11.2
56 silly idealTree ├── ms@0.7.1
56 silly idealTree ├── nan@2.2.0
56 silly idealTree ├── negotiator@0.5.3
56 silly idealTree ├── node-uuid@1.4.7
56 silly idealTree ├── nopt@3.0.6
56 silly idealTree ├── normalize-path@2.0.1
56 silly idealTree ├── number-is-nan@1.0.0
56 silly idealTree ├── oauth-sign@0.8.1
56 silly idealTree ├── object-assign@3.0.0
56 silly idealTree ├── object-component@0.0.3
56 silly idealTree ├── object-keys@1.0.1
56 silly idealTree ├── object-path@0.9.2
56 silly idealTree ├── object.omit@2.0.0
56 silly idealTree ├── on-finished@2.3.0
56 silly idealTree ├── once@1.3.3
56 silly idealTree ├── openurl@1.1.0
56 silly idealTree ├─┬ opn@3.0.3
56 silly idealTree │ └── object-assign@4.0.1
56 silly idealTree ├─┬ opt-merger@1.1.1
56 silly idealTree │ └── lodash@3.10.1
56 silly idealTree ├── options@0.0.6
56 silly idealTree ├── os-locale@1.4.0
56 silly idealTree ├── parse-glob@3.0.4
56 silly idealTree ├── parsejson@0.0.1
56 silly idealTree ├── parseqs@0.0.2
56 silly idealTree ├── parseuri@0.0.2
56 silly idealTree ├── parseurl@1.3.1
56 silly idealTree ├── path-is-absolute@1.0.0
56 silly idealTree ├── pinkie-promise@2.0.0
56 silly idealTree ├── pinkie@2.0.4
56 silly idealTree ├─┬ portscanner@1.0.0
56 silly idealTree │ └── async@0.1.15
56 silly idealTree ├── preserve@0.2.0
56 silly idealTree ├── process-nextick-args@1.0.6
56 silly idealTree ├── qs@0.4.2
56 silly idealTree ├── query-string@2.4.2
56 silly idealTree ├── randomatic@1.1.5
56 silly idealTree ├── range-parser@1.0.3
56 silly idealTree ├── readable-stream@2.0.5
56 silly idealTree ├── readdirp@2.0.0
56 silly idealTree ├── reflect-metadata@0.1.2
56 silly idealTree ├── regex-cache@0.4.2
56 silly idealTree ├── repeat-element@1.1.2
56 silly idealTree ├── repeat-string@1.5.2
56 silly idealTree ├── repeating@1.1.3
56 silly idealTree ├─┬ request@2.65.0
56 silly idealTree │ └── qs@5.2.0
56 silly idealTree ├── requires-port@1.0.0
56 silly idealTree ├── resp-modifier@5.0.2
56 silly idealTree ├── rimraf@2.5.1
56 silly idealTree ├── rx@2.3.24
56 silly idealTree ├── rxjs@5.0.0-beta.0
56 silly idealTree ├─┬ send@0.13.1
56 silly idealTree │ └── mime@1.3.4
56 silly idealTree ├── serve-index@1.7.3
56 silly idealTree ├── serve-static@1.10.2
56 silly idealTree ├── sntp@1.0.9
56 silly idealTree ├─┬ socket.io-adapter@0.3.1
56 silly idealTree │ ├── debug@1.0.2
56 silly idealTree │ ├── ms@0.6.2
56 silly idealTree │ └─┬ socket.io-parser@2.2.2
56 silly idealTree │   └── debug@0.7.4
56 silly idealTree ├─┬ socket.io-client@1.3.7
56 silly idealTree │ └── debug@0.7.4
56 silly idealTree ├─┬ socket.io-parser@2.2.4
56 silly idealTree │ └── debug@0.7.4
56 silly idealTree ├─┬ socket.io@1.3.7
56 silly idealTree │ ├── debug@2.1.0
56 silly idealTree │ └── ms@0.6.2
56 silly idealTree ├── statuses@1.2.1
56 silly idealTree ├── stream-throttle@0.1.3
56 silly idealTree ├── strict-uri-encode@1.1.0
56 silly idealTree ├── string_decoder@0.10.31
56 silly idealTree ├─┬ string-width@1.0.1
56 silly idealTree │ ├── ansi-regex@2.0.0
56 silly idealTree │ └── strip-ansi@3.0.0
56 silly idealTree ├── stringstream@0.0.5
56 silly idealTree ├── strip-ansi@0.3.0
56 silly idealTree ├── supports-color@0.2.0
56 silly idealTree ├── systemjs@0.19.6
56 silly idealTree ├── tfunk@3.0.1
56 silly idealTree ├── to-array@0.1.3
56 silly idealTree ├── tough-cookie@2.2.1
56 silly idealTree ├── tunnel-agent@0.4.2
56 silly idealTree ├── typescript@1.7.5
56 silly idealTree ├── ua-parser-js@0.7.10
56 silly idealTree ├── ucfirst@1.0.0
56 silly idealTree ├── ultron@1.0.2
56 silly idealTree ├── underscore@1.7.0
56 silly idealTree ├── unpipe@1.0.0
56 silly idealTree ├── utf-8-validate@1.2.1
56 silly idealTree ├── utf8@2.1.0
56 silly idealTree ├── util-deprecate@1.0.2
56 silly idealTree ├── utils-merge@1.0.0
56 silly idealTree ├── weinre@2.0.0-pre-I0Z7U9OV
56 silly idealTree ├── when@3.7.7
56 silly idealTree ├── window-size@0.1.4
56 silly idealTree ├── wrap-ansi@1.0.0
56 silly idealTree ├── wrappy@1.0.1
56 silly idealTree ├── ws@0.8.0
56 silly idealTree ├── xmlhttprequest@1.5.0
56 silly idealTree ├── xtend@4.0.1
56 silly idealTree ├── y18n@3.2.0
56 silly idealTree ├── yargs@3.29.0
56 silly idealTree └── zone.js@0.5.11
57 silly generateActionsToTake Starting
58 silly install generateActionsToTake
59 silly generateActionsToTake Finishing
60 silly diffTrees action count 1
61 silly diffTrees add zone.js@0.5.11
62 silly decomposeActions action count 8
63 silly decomposeActions fetch zone.js@0.5.11
64 silly decomposeActions extract zone.js@0.5.11
65 silly decomposeActions test zone.js@0.5.11
66 silly decomposeActions preinstall zone.js@0.5.11
67 silly decomposeActions build zone.js@0.5.11
68 silly decomposeActions install zone.js@0.5.11
69 silly decomposeActions postinstall zone.js@0.5.11
70 silly decomposeActions finalize zone.js@0.5.11
71 silly executeActions Starting
72 silly install executeActions
73 silly doSerial global-install 0
74 silly doParallel fetch 1
75 verbose correctMkdir /Users/joonikfe0/.npm/_locks correctMkdir not in flight; initializing
76 verbose lock using /Users/joonikfe0/.npm/_locks/staging-7fac06c648e7e1b3.lock for /Users/joonikfe0/Desktop/JorgeMonroy/Projects/angular2/node_modules/.staging
77 silly doParallel extract 1
78 silly extract zone.js@0.5.11
79 verbose unbuild node_modules/.staging/zone.js-2acb2e14
80 silly gentlyRm /Users/joonikfe0/Desktop/JorgeMonroy/Projects/angular2/node_modules/.staging/zone.js-2acb2e14 is being purged from base /Users/joonikfe0/Desktop/JorgeMonroy/Projects/angular2
81 verbose gentlyRm don't care about contents; nuking /Users/joonikfe0/Desktop/JorgeMonroy/Projects/angular2/node_modules/.staging/zone.js-2acb2e14
82 verbose tar unpack /Users/joonikfe0/.npm/zone.js/0.5.11/package.tgz
83 verbose tar unpacking to /Users/joonikfe0/Desktop/JorgeMonroy/Projects/angular2/node_modules/.staging/zone.js-2acb2e14
84 silly gentlyRm /Users/joonikfe0/Desktop/JorgeMonroy/Projects/angular2/node_modules/.staging/zone.js-2acb2e14 is being purged
85 verbose gentlyRm don't care about contents; nuking /Users/joonikfe0/Desktop/JorgeMonroy/Projects/angular2/node_modules/.staging/zone.js-2acb2e14
86 silly gunzTarPerm modes [ '755', '644' ]
87 silly gunzTarPerm extractEntry package.json
88 silly gunzTarPerm extractEntry README.md
89 silly gunzTarPerm extractEntry LICENSE
90 silly gunzTarPerm extractEntry dist/jasmine-patch.js
91 silly gunzTarPerm extractEntry dist/jasmine-patch.min.js
92 silly gunzTarPerm extractEntry dist/long-stack-trace-zone.js
93 silly gunzTarPerm extractEntry dist/long-stack-trace-zone.min.js
94 silly gunzTarPerm extractEntry dist/zone-microtask.js
95 silly gunzTarPerm extractEntry dist/zone-microtask.min.js
96 silly gunzTarPerm extractEntry dist/zone.js
97 silly gunzTarPerm extractEntry dist/zone.min.js
98 silly gunzTarPerm extractEntry lib/browser/jasmine-patch.ts
99 silly gunzTarPerm extractEntry lib/browser/long-stack-trace-zone.ts
100 silly gunzTarPerm extractEntry lib/browser/zone-microtask.ts
101 silly gunzTarPerm extractEntry lib/browser/zone.ts
102 silly gunzTarPerm extractEntry lib/core.ts
103 silly gunzTarPerm extractEntry lib/jasmine/patch.ts
104 silly gunzTarPerm extractEntry lib/keys.ts
105 silly gunzTarPerm extractEntry lib/microtask.ts
106 silly gunzTarPerm extractEntry lib/patch/geolocation.ts
107 silly gunzTarPerm extractEntry lib/patch/browser.ts
108 silly gunzTarPerm extractEntry lib/patch/event-target.ts
109 silly gunzTarPerm extractEntry lib/patch/file-reader.ts
110 silly gunzTarPerm extractEntry lib/patch/functions.ts
111 silly gunzTarPerm extractEntry lib/patch/define-property.ts
112 silly gunzTarPerm extractEntry lib/patch/mutation-observer.ts
113 silly gunzTarPerm extractEntry lib/patch/promise.ts
114 silly gunzTarPerm extractEntry lib/patch/property-descriptor.ts
115 silly gunzTarPerm extractEntry lib/patch/register-element.ts
116 silly gunzTarPerm extractEntry lib/patch/websocket.ts
117 silly gunzTarPerm extractEntry lib/utils.ts
118 silly gunzTarPerm extractEntry lib/wtf.ts
119 silly gunzTarPerm extractEntry lib/zone.ts
120 silly gunzTarPerm extractEntry lib/zones/long-stack-trace.ts
121 silly gentlyRm /Users/joonikfe0/Desktop/JorgeMonroy/Projects/angular2/node_modules/.staging/zone.js-2acb2e14/node_modules is being purged
122 verbose gentlyRm don't care about contents; nuking /Users/joonikfe0/Desktop/JorgeMonroy/Projects/angular2/node_modules/.staging/zone.js-2acb2e14/node_modules
123 silly doParallel preinstall 1
124 silly preinstall zone.js@0.5.11 /Users/joonikfe0/Desktop/JorgeMonroy/Projects/angular2/node_modules/.staging/zone.js-2acb2e14
125 info lifecycle zone.js@0.5.11~preinstall: zone.js@0.5.11
126 silly lifecycle zone.js@0.5.11~preinstall: no script for preinstall, continuing
127 silly doReverseSerial remove 0
128 silly doSerial move 0
129 silly doSerial finalize 1
130 silly finalize /Users/joonikfe0/Desktop/JorgeMonroy/Projects/angular2/node_modules/zone.js
131 silly doSerial build 1
132 silly build zone.js@0.5.11
133 info linkStuff zone.js@0.5.11
134 silly linkStuff zone.js@0.5.11 has /Users/joonikfe0/Desktop/JorgeMonroy/Projects/angular2/node_modules as its parent node_modules
135 verbose linkBins zone.js@0.5.11
136 verbose linkMans zone.js@0.5.11
137 silly doSerial global-link 0
138 silly doParallel update-linked 0
139 silly doSerial install 1
140 silly install zone.js@0.5.11 /Users/joonikfe0/Desktop/JorgeMonroy/Projects/angular2/node_modules/.staging/zone.js-2acb2e14
141 info lifecycle zone.js@0.5.11~install: zone.js@0.5.11
142 silly lifecycle zone.js@0.5.11~install: no script for install, continuing
143 silly doSerial postinstall 1
144 silly postinstall zone.js@0.5.11 /Users/joonikfe0/Desktop/JorgeMonroy/Projects/angular2/node_modules/.staging/zone.js-2acb2e14
145 info lifecycle zone.js@0.5.11~postinstall: zone.js@0.5.11
146 verbose lifecycle zone.js@0.5.11~postinstall: unsafe-perm in lifecycle false
147 verbose lifecycle zone.js@0.5.11~postinstall: PATH: /usr/local/lib/node_modules/npm/bin/node-gyp-bin:/Users/joonikfe0/Desktop/JorgeMonroy/Projects/angular2/node_modules/zone.js/node_modules/.bin:/Users/joonikfe0/Desktop/JorgeMonroy/Projects/angular2/node_modules/.bin:/usr/local/bin:/Users/joonikfe0/.rvm/gems/ruby-2.2.1/bin:/Users/joonikfe0/.rvm/gems/ruby-2.2.1@global/bin:/Users/joonikfe0/.rvm/rubies/ruby-2.2.1/bin:/Users/joonikfe0/.rvm/bin:/Applications/MAMP/bin/php/php5.6.2/bin:/usr/local/bin:/usr/bin:/bin:/usr/sbin:/sbin
148 verbose lifecycle zone.js@0.5.11~postinstall: CWD: /Users/joonikfe0/Desktop/JorgeMonroy/Projects/angular2/node_modules/zone.js
149 silly lifecycle zone.js@0.5.11~postinstall: Args: [ '-c', 'tsd install' ]
150 info lifecycle zone.js@0.5.11~postinstall: Failed to exec postinstall script
151 verbose unlock done using /Users/joonikfe0/.npm/_locks/staging-7fac06c648e7e1b3.lock for /Users/joonikfe0/Desktop/JorgeMonroy/Projects/angular2/node_modules/.staging
152 silly rollbackFailedOptional Starting
153 silly rollbackFailedOptional Finishing
154 silly runTopLevelLifecycles Starting
155 silly runTopLevelLifecycles Finishing
156 silly install printInstalled
157 warn angular2-quickstart@1.0.0 No description
158 warn angular2-quickstart@1.0.0 No repository field.
159 verbose stack Error: zone.js@0.5.11 postinstall: `tsd install`
159 verbose stack spawn ENOENT
159 verbose stack     at ChildProcess.<anonymous> (/usr/local/lib/node_modules/npm/lib/utils/spawn.js:17:16)
159 verbose stack     at emitTwo (events.js:87:13)
159 verbose stack     at ChildProcess.emit (events.js:172:7)
159 verbose stack     at maybeClose (internal/child_process.js:818:16)
159 verbose stack     at Process.ChildProcess._handle.onexit (internal/child_process.js:211:5)
160 verbose pkgid zone.js@0.5.11
161 verbose cwd /Users/joonikfe0/Desktop/JorgeMonroy/Projects/angular2
162 error Darwin 15.3.0
163 error argv "/usr/local/bin/node" "/usr/local/bin/npm" "install"
164 error node v5.1.0
165 error npm  v3.7.0
166 error file sh
167 error code ELIFECYCLE
168 error errno ENOENT
169 error syscall spawn
170 error zone.js@0.5.11 postinstall: `tsd install`
170 error spawn ENOENT
171 error Failed at the zone.js@0.5.11 postinstall script 'tsd install'.
171 error Make sure you have the latest version of node.js and npm installed.
171 error If you do, this is most likely a problem with the zone.js package,
171 error not with npm itself.
171 error Tell the author that this fails on your system:
171 error     tsd install
171 error You can get information on how to open an issue for this project with:
171 error     npm bugs zone.js
171 error Or if that isn't available, you can get their info via:
171 error     npm owner ls zone.js
171 error There is likely additional logging output above.
172 verbose exit [ 1, true ]
